<?xml version="1.0" encoding="UTF-8"?>
<!-- Generated by org.testng.reporters.JUnitXMLReporter -->
<testsuite hostname="hxnb-fcoronel" name="Default test" tests="11" failures="0" timestamp="23 Nov 2016 14:37:26 GMT" time="49.624" errors="0">
  <testcase name="launchSite" time="0.027" classname="com.howtotestngdo.test.FirstTest"/>
  <testcase name="testChandeliersList" time="2.932" classname="com.howtotestngdo.test.FirstTest"/>
  <testcase name="testNavMenu" time="0.424" classname="com.howtotestngdo.test.FirstTest"/>
  <testcase name="testNavigationCeilingLights" time="3.087" classname="com.howtotestngdo.test.FirstTest"/>
  <testcase name="testNavigationChandeliers" time="2.109" classname="com.howtotestngdo.test.FirstTest"/>
  <testcase name="testNavigationFans" time="3.015" classname="com.howtotestngdo.test.FirstTest"/>
  <testcase name="testNavigationFurniture" time="2.906" classname="com.howtotestngdo.test.FirstTest"/>
  <testcase name="testNavigationHomeDecor" time="8.216" classname="com.howtotestngdo.test.FirstTest"/>
  <testcase name="testNavigationLamps" time="1.855" classname="com.howtotestngdo.test.FirstTest"/>
  <testcase name="testNavigationOutdoor" time="2.972" classname="com.howtotestngdo.test.FirstTest"/>
  <testcase name="testNavigationWallLights" time="2.984" classname="com.howtotestngdo.test.FirstTest"/>
</testsuite> <!-- Default test -->
